#
# A fatal error has been detected by the Java Runtime Environment:
#
#  Internal Error (javaClasses.cpp:136), pid=9448, tid=4636
#  fatal error: Invalid layout of preloaded class
#
# JRE version:  (7.0_51-b13) (build )
# Java VM: Java HotSpot(TM) Client VM (24.51-b03 mixed mode windows-x86 )
# Failed to write core dump. Minidumps are not enabled by default on client versions of Windows
#
# If you would like to submit a bug report, please visit:
#   http://bugreport.sun.com/bugreport/crash.jsp
#

---------------  T H R E A D  ---------------

Current thread (0x029bbc00):  JavaThread "Unknown thread" [_thread_in_vm, id=4636, stack(0x01290000,0x012e0000)]

Stack: [0x01290000,0x012e0000],  sp=0x012df8e8,  free space=318k
Native frames: (J=compiled Java code, j=interpreted, Vv=VM code, C=native code)
V  [jvm.dll+0x18e0f1]
V  [jvm.dll+0x187e66]
V  [jvm.dll+0x3586a]
V  [jvm.dll+0x358f6]
V  [jvm.dll+0x4400d]
V  [jvm.dll+0x442be]
V  [jvm.dll+0x9263a]
V  [jvm.dll+0x929eb]
V  [jvm.dll+0x13dc51]
V  [jvm.dll+0x16076c]
V  [jvm.dll+0xc8ebf]
C  [javaw.exe+0x13ce]
C  [javaw.exe+0x1e40]
C  [javaw.exe+0xa5b1]
C  [javaw.exe+0xa63b]
C  [KERNEL32.DLL+0x1495d]
C  [ntdll.dll+0x498ee]
C  [ntdll.dll+0x498c4]


---------------  P R O C E S S  ---------------

Java Threads: ( => current thread )

Other Threads:

=>0x029bbc00 (exited) JavaThread "Unknown thread" [_thread_in_vm, id=4636, stack(0x01290000,0x012e0000)]

VM state:not at safepoint (not fully initialized)

VM Mutex/Monitor currently owned by a thread: None

GC Heap History (0 events):
No events

Deoptimization events (0 events):
No events

Internal exceptions (0 events):
No events

Events (10 events):
Event: 0.036 loading class 0x0281ac10 done
Event: 0.036 loading class 0x0281a6a0 done
Event: 0.036 loading class 0x0281a680
Event: 0.036 loading class 0x028219a8
Event: 0.036 loading class 0x028219a8 done
Event: 0.036 loading class 0x028219d8
Event: 0.036 loading class 0x028219d8 done
Event: 0.036 loading class 0x02821a08
Event: 0.036 loading class 0x02821a08 done
Event: 0.036 loading class 0x0281a680 done


Dynamic libraries:
0x013d0000 - 0x013ff000 	C:\Program Files (x86)\Java\jre7\bin\javaw.exe
0x773d0000 - 0x77538000 	C:\WINDOWS\SYSTEM32\ntdll.dll
0x77130000 - 0x77270000 	C:\WINDOWS\SYSTEM32\KERNEL32.DLL
0x769a0000 - 0x76a6f000 	C:\WINDOWS\SYSTEM32\KERNELBASE.dll
0x69c90000 - 0x69d2a000 	C:\WINDOWS\system32\apphelp.dll
0x69520000 - 0x69772000 	C:\WINDOWS\AppPatch\AcGenral.DLL
0x77020000 - 0x770de000 	C:\WINDOWS\SYSTEM32\msvcrt.dll
0x76650000 - 0x7668e000 	C:\WINDOWS\SYSTEM32\sechost.dll
0x74e00000 - 0x74e1d000 	C:\WINDOWS\SYSTEM32\SspiCli.dll
0x76360000 - 0x763a1000 	C:\WINDOWS\SYSTEM32\SHLWAPI.dll
0x69e90000 - 0x69f6c000 	C:\WINDOWS\SYSTEM32\UxTheme.dll
0x76c30000 - 0x76d7f000 	C:\WINDOWS\SYSTEM32\USER32.dll
0x76540000 - 0x76648000 	C:\WINDOWS\SYSTEM32\GDI32.dll
0x717b0000 - 0x717d0000 	C:\WINDOWS\SYSTEM32\WINMM.dll
0x6a7d0000 - 0x6a7e2000 	C:\WINDOWS\SYSTEM32\samcli.dll
0x76b20000 - 0x76c2b000 	C:\WINDOWS\SYSTEM32\ole32.dll
0x74e20000 - 0x74ea7000 	C:\WINDOWS\SYSTEM32\OLEAUT32.dll
0x69fb0000 - 0x69fc5000 	C:\WINDOWS\SYSTEM32\MSACM32.dll
0x74690000 - 0x74698000 	C:\WINDOWS\SYSTEM32\VERSION.dll
0x750b0000 - 0x76253000 	C:\WINDOWS\SYSTEM32\SHELL32.dll
0x74a30000 - 0x74a49000 	C:\WINDOWS\SYSTEM32\USERENV.dll
0x69780000 - 0x69799000 	C:\WINDOWS\SYSTEM32\dwmapi.dll
0x69a70000 - 0x69b94000 	C:\WINDOWS\SYSTEM32\urlmon.dll
0x76aa0000 - 0x76b17000 	C:\WINDOWS\SYSTEM32\ADVAPI32.dll
0x67da0000 - 0x67dfe000 	C:\WINDOWS\SYSTEM32\WINSPOOL.DRV
0x69e60000 - 0x69e74000 	C:\WINDOWS\SYSTEM32\MPR.dll
0x76d80000 - 0x76e31000 	C:\WINDOWS\SYSTEM32\RPCRT4.dll
0x74df0000 - 0x74df9000 	C:\WINDOWS\SYSTEM32\CRYPTBASE.dll
0x74eb0000 - 0x74ffe000 	C:\WINDOWS\SYSTEM32\combase.dll
0x70550000 - 0x70570000 	C:\WINDOWS\SYSTEM32\WINMMBASE.dll
0x74670000 - 0x7467e000 	C:\WINDOWS\SYSTEM32\profapi.dll
0x74450000 - 0x74667000 	C:\WINDOWS\SYSTEM32\iertutil.dll
0x746b0000 - 0x74874000 	C:\WINDOWS\SYSTEM32\WININET.dll
0x74d90000 - 0x74de1000 	C:\WINDOWS\SYSTEM32\bcryptPrimitives.dll
0x770e0000 - 0x7711a000 	C:\WINDOWS\SYSTEM32\cfgmgr32.dll
0x70530000 - 0x7054f000 	C:\WINDOWS\SYSTEM32\DEVOBJ.dll
0x743d0000 - 0x74447000 	C:\WINDOWS\SYSTEM32\SHCORE.DLL
0x76e40000 - 0x76e65000 	C:\WINDOWS\system32\IMM32.DLL
0x76690000 - 0x76787000 	C:\WINDOWS\SYSTEM32\MSCTF.dll
0x6a2b0000 - 0x6a495000 	C:\WINDOWS\WinSxS\x86_microsoft.windows.common-controls_6595b64144ccf1df_6.0.9600.16384_none_a9f4965301334e09\COMCTL32.dll
0x68cb0000 - 0x68d6f000 	C:\Program Files (x86)\Java\jre7\bin\msvcr100.dll
0x68dc0000 - 0x69140000 	C:\Program Files (x86)\Java\jre7\bin\client\jvm.dll
0x746a0000 - 0x746a8000 	C:\WINDOWS\SYSTEM32\WSOCK32.dll
0x76350000 - 0x76356000 	C:\WINDOWS\SYSTEM32\PSAPI.DLL
0x75000000 - 0x7504d000 	C:\WINDOWS\SYSTEM32\WS2_32.dll
0x76260000 - 0x76267000 	C:\WINDOWS\SYSTEM32\NSI.dll
0x6a7a0000 - 0x6a7ac000 	C:\Program Files (x86)\Java\jre7\bin\verify.dll
0x6a780000 - 0x6a7a0000 	C:\Program Files (x86)\Java\jre7\bin\java.dll
0x6a760000 - 0x6a773000 	C:\Program Files (x86)\Java\jre7\bin\zip.dll
0x69920000 - 0x69a68000 	C:\WINDOWS\SYSTEM32\dbghelp.dll

VM Arguments:
jvm_args: -Dfile.encoding=Cp1252 -Xbootclasspath:C:\Users\Andy\Documents\Development\adt-bundle-windows-x86_64-20131030\sdk\platforms\android-19\android.jar 
java_command: ip7.bathuniapp.Time
Launcher Type: SUN_STANDARD

Environment Variables:
PATH=C:/Program Files (x86)/Java/jre7/bin/client;C:/Program Files (x86)/Java/jre7/bin;C:/Program Files (x86)/Java/jre7/lib/i386;C:\Program Files (x86)\Intel\iCLS Client\;C:\Program Files\Intel\iCLS Client\;C:\WINDOWS\system32;C:\WINDOWS;C:\WINDOWS\System32\Wbem;C:\WINDOWS\System32\WindowsPowerShell\v1.0\;C:\Program Files\Intel\Intel(R) Management Engine Components\DAL;C:\Program Files\Intel\Intel(R) Management Engine Components\IPT;C:\Program Files (x86)\Intel\Intel(R) Management Engine Components\DAL;C:\Program Files (x86)\Intel\Intel(R) Management Engine Components\IPT;C:\Program Files (x86)\Intel\OpenCL SDK\3.0\bin\x86;C:\Program Files (x86)\Intel\OpenCL SDK\3.0\bin\x64;C:\Program Files (x86)\QuickTime\QTSystem\;C:\Program Files (x86)\clisp-2.49;C:\Program Files\Java\jdk1.7.0_45\bin;C:\Users\Andy\Documents\eclipse;
USERNAME=Andy
OS=Windows_NT
PROCESSOR_IDENTIFIER=Intel64 Family 6 Model 60 Stepping 3, GenuineIntel



---------------  S Y S T E M  ---------------

OS: Windows 8 , 64 bit Build 9200 

CPU:total 4 (2 cores per cpu, 2 threads per core) family 6 model 60 stepping 3, cmov, cx8, fxsr, mmx, sse, sse2, sse3, ssse3, sse4.1, sse4.2, popcnt, avx, avx2, aes, erms, ht, tsc, tscinvbit

Memory: 4k page, physical 3940628k(965452k free), swap 7046104k(714572k free)

vm_info: Java HotSpot(TM) Client VM (24.51-b03) for windows-x86 JRE (1.7.0_51-b13), built on Dec 18 2013 19:09:58 by "java_re" with unknown MS VC++:1600

time: Tue Mar 11 14:37:36 2014
elapsed time: 0 seconds

