#
# A fatal error has been detected by the Java Runtime Environment:
#
#  Internal Error (javaClasses.cpp:129), pid=14696, tid=13768
#  fatal error: Invalid layout of preloaded class
#
# JRE version: 7.0_13-b20
# Java VM: Java HotSpot(TM) 64-Bit Server VM (23.7-b01 mixed mode windows-amd64 compressed oops)
# Failed to write core dump. Minidumps are not enabled by default on client versions of Windows
#
# If you would like to submit a bug report, please visit:
#   http://bugreport.sun.com/bugreport/crash.jsp
#

---------------  T H R E A D  ---------------

Current thread (0x000000000221c800):  JavaThread "Unknown thread" [_thread_in_vm, id=13768, stack(0x0000000002510000,0x0000000002610000)]

Stack: [0x0000000002510000,0x0000000002610000]

---------------  P R O C E S S  ---------------

Java Threads: ( => current thread )

Other Threads:

=>0x000000000221c800 (exited) JavaThread "Unknown thread" [_thread_in_vm, id=13768, stack(0x0000000002510000,0x0000000002610000)]

VM state:not at safepoint (not fully initialized)

VM Mutex/Monitor currently owned by a thread: None

GC Heap History (0 events):
No events

Deoptimization events (0 events):
No events

Internal exceptions (0 events):
No events

Events (10 events):
Event: 0.012 loading class 0x000000000212ffd0 done
Event: 0.012 loading class 0x00000000020f31e0 done
Event: 0.012 loading class 0x00000000020f31b0
Event: 0.013 loading class 0x0000000002185570
Event: 0.013 loading class 0x0000000002185570 done
Event: 0.013 loading class 0x00000000021855b0
Event: 0.013 loading class 0x00000000021855b0 done
Event: 0.013 loading class 0x000000000b47e780
Event: 0.013 loading class 0x000000000b47e780 done
Event: 0.013 loading class 0x00000000020f31b0 done


Dynamic libraries:
0x000000013f850000 - 0x000000013f883000 	C:\Users\Alex\Documents\Documents\Programs\eclipse\jre\bin\javaw.exe
0x0000000077620000 - 0x00000000777c9000 	C:\windows\SYSTEM32\ntdll.dll
0x0000000077400000 - 0x000000007751f000 	C:\windows\system32\kernel32.dll
0x000007fefd4d0000 - 0x000007fefd53b000 	C:\windows\system32\KERNELBASE.dll
0x000007feff1c0000 - 0x000007feff29b000 	C:\windows\system32\ADVAPI32.dll
0x000007fefeb60000 - 0x000007fefebff000 	C:\windows\system32\msvcrt.dll
0x000007fefe710000 - 0x000007fefe72f000 	C:\windows\SYSTEM32\sechost.dll
0x000007feff4c0000 - 0x000007feff5ed000 	C:\windows\system32\RPCRT4.dll
0x0000000077520000 - 0x000000007761a000 	C:\windows\system32\USER32.dll
0x000007fefe7c0000 - 0x000007fefe827000 	C:\windows\system32\GDI32.dll
0x000007feff320000 - 0x000007feff32e000 	C:\windows\system32\LPK.dll
0x000007fefec00000 - 0x000007fefecc9000 	C:\windows\system32\USP10.dll
0x000007fefbd40000 - 0x000007fefbf34000 	C:\windows\WinSxS\amd64_microsoft.windows.common-controls_6595b64144ccf1df_6.0.7601.17514_none_fa396087175ac9ac\COMCTL32.dll
0x000007feff440000 - 0x000007feff4b1000 	C:\windows\system32\SHLWAPI.dll
0x000007fefe790000 - 0x000007fefe7be000 	C:\windows\system32\IMM32.DLL
0x000007feff330000 - 0x000007feff439000 	C:\windows\system32\MSCTF.dll
0x00000000584e0000 - 0x00000000585b1000 	C:\Users\Alex\Documents\Documents\Programs\eclipse\jre\bin\msvcr100.dll
0x000000005af80000 - 0x000000005b69f000 	C:\Users\Alex\Documents\Documents\Programs\eclipse\jre\bin\server\jvm.dll
0x000007fef3120000 - 0x000007fef3129000 	C:\windows\system32\WSOCK32.dll
0x000007fefe740000 - 0x000007fefe78d000 	C:\windows\system32\WS2_32.dll
0x000007fefe730000 - 0x000007fefe738000 	C:\windows\system32\NSI.dll
0x000007fef48e0000 - 0x000007fef491b000 	C:\windows\system32\WINMM.dll
0x00000000777f0000 - 0x00000000777f7000 	C:\windows\system32\PSAPI.DLL
0x0000000068030000 - 0x000000006803f000 	C:\Users\Alex\Documents\Documents\Programs\eclipse\jre\bin\verify.dll
0x0000000062640000 - 0x0000000062668000 	C:\Users\Alex\Documents\Documents\Programs\eclipse\jre\bin\java.dll
0x00000000672d0000 - 0x00000000672e5000 	C:\Users\Alex\Documents\Documents\Programs\eclipse\jre\bin\zip.dll

VM Arguments:
jvm_args: -Dfile.encoding=Cp1252 -Xbootclasspath:C:\Users\Alex\AppData\Local\Android\android-sdk\platforms\android-19\android.jar 
java_command: ip7.bathuniapp.testfunction
Launcher Type: SUN_STANDARD

Environment Variables:
PATH=C:/Users/Alex/Documents/Documents/Programs/eclipse/jre/bin/server;C:/Users/Alex/Documents/Documents/Programs/eclipse/jre/bin;C:/Users/Alex/Documents/Documents/Programs/eclipse/jre/lib/amd64;C:\MinGW\bin; C:\Program Files\Common Files\Microsoft Shared\Windows Live;C:\Program Files (x86)\Common Files\Microsoft Shared\Windows Live;C:\windows\system32;C:\windows;C:\windows\System32\Wbem;C:\windows\System32\WindowsPowerShell\v1.0\;C:\Program Files (x86)\Windows Live\Shared;C:\Program Files (x86)\Toshiba\Bluetooth Toshiba Stack\sys\;C:\Program Files (x86)\Toshiba\Bluetooth Toshiba Stack\sys\x64\;C:\Program Files (x86)\Universal Extractor;C:\Program Files (x86)\Universal Extractor\bin;C:\Program Files (x86)\B1 Free Archiver;C:\Users\Alex\Documents\Documents\Programs\eclipse;
USERNAME=Alex
OS=Windows_NT
PROCESSOR_IDENTIFIER=Intel64 Family 6 Model 42 Stepping 7, GenuineIntel



---------------  S Y S T E M  ---------------

OS: Windows 7 , 64 bit Build 7601 Service Pack 1

CPU:total 4 (2 cores per cpu, 2 threads per core) family 6 model 42 stepping 7, cmov, cx8, fxsr, mmx, sse, sse2, sse3, ssse3, sse4.1, sse4.2, popcnt, avx, ht, tsc, tscinvbit

Memory: 4k page, physical 8275768k(4347016k free), swap 16549672k(11801616k free)

vm_info: Java HotSpot(TM) 64-Bit Server VM (23.7-b01) for windows-amd64 JRE (1.7.0_13-b20), built on Jan 30 2013 10:10:00 by "java_re" with unknown MS VC++:1600

time: Fri Feb 07 20:19:29 2014
elapsed time: 0 seconds

